<?xml version="1.0" encoding="UTF-8"?>
<testng-results total="2" passed="2" failed="0" skipped="0">
  <reporter-output>
  </reporter-output>
  <suite started-at="2021-09-14T07:20:02Z" name="Command line suite" finished-at="2021-09-14T07:20:02Z" duration-ms="24">
    <groups>
    </groups>
    <test started-at="2021-09-14T07:20:02Z" name="Command line test" finished-at="2021-09-14T07:20:02Z" duration-ms="24">
      <class name="sel.Test123">
        <test-method signature="test()[pri:0, instance:sel.Test123@27ae2fd0]" started-at="2021-09-14T12:50:02Z" name="test" finished-at="2021-09-14T12:50:02Z" duration-ms="9" status="PASS">
          <reporter-output>
          </reporter-output>
        </test-method> <!-- test -->
      </class> <!-- sel.Test123 -->
      <class name="sel.Test321">
        <test-method signature="test()[pri:0, instance:sel.Test321@11a9e7c8]" started-at="2021-09-14T12:50:02Z" name="test" finished-at="2021-09-14T12:50:02Z" duration-ms="0" status="PASS">
          <reporter-output>
          </reporter-output>
        </test-method> <!-- test -->
      </class> <!-- sel.Test321 -->
    </test> <!-- Command line test -->
  </suite> <!-- Command line suite -->
</testng-results>
